<?xml version="1.0" encoding="utf-8"?><testsuites name="pytest tests"><testsuite name="pytest" errors="0" failures="0" skipped="0" tests="13" time="19.636" timestamp="2026-02-21T11:13:57.433125+00:00" hostname="agent-env-1add0b25-ce91-439f-9191-e8d998828ce1"><testcase classname="backend.tests.test_password_reset.TestAdminPasswordReset" name="test_reset_password_endpoint_exists" time="0.532" /><testcase classname="backend.tests.test_password_reset.TestAdminPasswordReset" name="test_reset_password_for_nonexistent_user" time="0.426" /><testcase classname="backend.tests.test_password_reset.TestAdminPasswordReset" name="test_reset_password_success" time="1.458" /><testcase classname="backend.tests.test_password_reset.TestAdminPasswordReset" name="test_reset_password_generates_strong_password" time="1.187" /><testcase classname="backend.tests.test_password_reset.TestAdminPasswordReset" name="test_reset_password_clears_plain_password" time="1.454" /><testcase classname="backend.tests.test_password_reset.TestChangePassword" name="test_change_password_endpoint_requires_auth" time="0.459" /><testcase classname="backend.tests.test_password_reset.TestChangePassword" name="test_change_password_wrong_current_password" time="1.508" /><testcase classname="backend.tests.test_password_reset.TestChangePassword" name="test_change_password_weak_new_password" time="2.379" /><testcase classname="backend.tests.test_password_reset.TestChangePassword" name="test_change_password_success" time="2.310" /><testcase classname="backend.tests.test_password_reset.TestForcePasswordChangeFlow" name="test_complete_password_reset_flow" time="2.408" /><testcase classname="backend.tests.test_password_reset.TestForcePasswordChangeFlow" name="test_force_password_change_flag_in_me_endpoint" time="2.312" /><testcase classname="backend.tests.test_password_reset.TestActivityLogging" name="test_password_reset_is_logged" time="1.342" /><testcase classname="backend.tests.test_password_reset.TestActivityLogging" name="test_password_change_is_logged" time="1.782" /></testsuite></testsuites>