<?xml version="1.0" encoding="utf-8"?><testsuites name="pytest tests"><testsuite name="pytest" errors="0" failures="0" skipped="0" tests="17" time="6.888" timestamp="2026-02-06T14:52:12.644358+00:00" hostname="agent-env-d62556ea-e0a6-4d23-9697-ab208957e91b"><testcase classname="backend.tests.test_admin_api.TestAdminAuth" name="test_admin_login_success" time="0.316" /><testcase classname="backend.tests.test_admin_api.TestAdminAuth" name="test_admin_login_invalid_credentials" time="0.265" /><testcase classname="backend.tests.test_admin_api.TestAdminAuth" name="test_non_admin_cannot_access_admin_endpoints" time="0.578" /><testcase classname="backend.tests.test_admin_api.TestAdminUsers" name="test_get_all_users" time="0.319" /><testcase classname="backend.tests.test_admin_api.TestAdminUsers" name="test_create_user" time="0.573" /><testcase classname="backend.tests.test_admin_api.TestAdminUsers" name="test_update_user" time="0.624" /><testcase classname="backend.tests.test_admin_api.TestAdminUsers" name="test_delete_user" time="0.664" /><testcase classname="backend.tests.test_admin_api.TestAdminAnalytics" name="test_get_analytics_overview" time="0.302" /><testcase classname="backend.tests.test_admin_api.TestAdminAnalytics" name="test_get_message_analytics" time="0.304" /><testcase classname="backend.tests.test_admin_api.TestAdminAnalytics" name="test_get_users_activity" time="0.303" /><testcase classname="backend.tests.test_admin_api.TestAdminSystem" name="test_get_system_status" time="0.468" /><testcase classname="backend.tests.test_admin_api.TestAdminWhatsApp" name="test_get_whatsapp_sessions" time="0.303" /><testcase classname="backend.tests.test_admin_api.TestAdminSettings" name="test_get_settings" time="0.338" /><testcase classname="backend.tests.test_admin_api.TestAdminSettings" name="test_update_settings" time="0.421" /><testcase classname="backend.tests.test_admin_api.TestAdminLogs" name="test_get_activity_logs" time="0.322" /><testcase classname="backend.tests.test_admin_api.TestAdminLogs" name="test_logs_pagination" time="0.347" /><testcase classname="backend.tests.test_admin_api.TestAdminRouteProtection" name="test_unauthenticated_access_denied" time="0.259" /></testsuite></testsuites>